2018-04-26 16:05:58.6635 - AutomationPracticePOM.UnitTest1.SetUp - INFO}: URL: http://automationpractice.com/ 
2018-04-26 16:06:05.8735 - AutomationPracticePOM.HomePagePOM.ClickOnSignIn - INFO}: Clicked! 
2018-04-26 16:06:06.1219 - AutomationPracticePOM.SignInPOM.CreateAccount - INFO}: Email: automation@mailinator.com 
2018-04-26 16:06:06.1944 - AutomationPracticePOM.SignInPOM.CreateAccount - INFO}: Clicked 
2018-04-26 16:06:06.1944 - AutomationPracticePOM.UnitTest1.CreateAccount - INFO}: Email: automation@mailinator.com 
2018-04-26 16:06:18.8759 - AutomationPracticePOM.UnitTest1.TearDown - INFO}: Close 
2018-04-26 16:06:18.9240 - AutomationPracticePOM.UnitTest1.TearDown - INFO}: Quit! 
2018-04-26 16:55:17.2911 - AutomationPracticePOM.UnitTest1.SetUp - INFO}: URL: http://automationpractice.com/ 
2018-04-26 16:55:24.5079 - AutomationPracticePOM.HomePagePOM.ClickOnSignIn - INFO}: Clicked! 
2018-04-26 16:55:24.6218 - AutomationPracticePOM.SignInPOM.CreateAccount - INFO}: Email: automation@mailinator.com 
2018-04-26 16:55:24.7148 - AutomationPracticePOM.SignInPOM.CreateAccount - INFO}: Clicked 
2018-04-26 16:55:24.7188 - AutomationPracticePOM.UnitTest1.CreateAccount - INFO}: Email: automation@mailinator.com 
2018-04-26 16:55:37.4454 - AutomationPracticePOM.UnitTest1.TearDown - INFO}: Close 
2018-04-26 16:55:37.4774 - AutomationPracticePOM.UnitTest1.TearDown - INFO}: Quit! 
2018-04-26 16:55:43.6997 - AutomationPracticePOM.UnitTest1.SetUp - INFO}: URL: http://automationpractice.com/ 
2018-04-26 16:55:50.7759 - AutomationPracticePOM.HomePagePOM.ClickOnSignIn - INFO}: Clicked! 
2018-04-26 16:55:51.4511 - AutomationPracticePOM.SignInPOM.ClickOnForgotYourPassword - INFO}: Clicked! 
2018-04-26 16:55:51.5756 - AutomationPracticePOM.ForgotPasswordPOM.ForgotYourPassword - INFO}: Email: automation@mailinator.com 
2018-04-26 16:55:52.1644 - AutomationPracticePOM.ForgotPasswordPOM.ForgotYourPassword - INFO}: Clicked! 
2018-04-26 16:55:59.4797 - AutomationPracticePOM.UnitTest1.TearDown - INFO}: Close 
2018-04-26 16:55:59.5088 - AutomationPracticePOM.UnitTest1.TearDown - INFO}: Quit! 
2018-04-26 16:56:05.5456 - AutomationPracticePOM.UnitTest1.SetUp - INFO}: URL: http://automationpractice.com/ 
2018-04-26 16:56:12.6386 - AutomationPracticePOM.HomePagePOM.ClickOnSignIn - INFO}: Clicked! 
2018-04-26 16:56:12.7484 - AutomationPracticePOM.SignInPOM.AlreadyRegister - INFO}: Email: automation@mailinator.com 
2018-04-26 16:56:12.8405 - AutomationPracticePOM.SignInPOM.AlreadyRegister - INFO}: Password: 123456 
2018-04-26 16:56:13.5394 - AutomationPracticePOM.SignInPOM.AlreadyRegister - INFO}: Clicked! 
2018-04-26 16:56:20.8556 - AutomationPracticePOM.UnitTest1.TearDown - INFO}: Close 
2018-04-26 16:56:20.8877 - AutomationPracticePOM.UnitTest1.TearDown - INFO}: Quit! 
